<?xml version="1.0" encoding="UTF-8"?>
<!-- Generated by org.testng.reporters.JUnitReportReporter -->
<testsuite hostname="DESKTOP-MIGUEL" failures="0" tests="21" name="EjemploVehiculoTest" time="23.393" errors="0" timestamp="2021-09-16T22:50:30 PET" skipped="0">
  <testcase classname="EjemploVehiculoTest" name="StressTest01" time="1.064"/>
  <system-out/>
  <testcase classname="EjemploVehiculoTest" name="StressTest02" time="1.186"/>
  <system-out/>
  <testcase classname="EjemploVehiculoTest" name="StressTest02" time="1.108"/>
  <system-out/>
  <testcase classname="EjemploVehiculoTest" name="StressTest02" time="1.250"/>
  <system-out/>
  <testcase classname="EjemploVehiculoTest" name="StressTest01" time="1.227"/>
  <system-out/>
  <testcase classname="EjemploVehiculoTest" name="StressTest02" time="0.989"/>
  <system-out/>
  <testcase classname="EjemploVehiculoTest" name="StressTest01" time="1.186"/>
  <system-out/>
  <testcase classname="EjemploVehiculoTest" name="StressTest01" time="1.236"/>
  <system-out/>
  <testcase classname="EjemploVehiculoTest" name="StressTest01" time="0.992"/>
  <system-out/>
  <testcase classname="EjemploVehiculoTest" name="StressTest02" time="1.155"/>
  <system-out/>
  <testcase classname="EjemploVehiculoTest" name="StressTest02" time="1.163"/>
  <system-out/>
  <testcase classname="EjemploVehiculoTest" name="StressTest01" time="1.017"/>
  <system-out/>
  <testcase classname="EjemploVehiculoTest" name="StressTest01" time="1.109"/>
  <system-out/>
  <testcase classname="EjemploVehiculoTest" name="StressTest02" time="1.000"/>
  <system-out/>
  <testcase classname="EjemploVehiculoTest" name="StressTest02" time="1.185"/>
  <system-out/>
  <testcase classname="EjemploVehiculoTest" name="StressTest02" time="1.216"/>
  <system-out/>
  <testcase classname="EjemploVehiculoTest" name="StressTest01" time="1.246"/>
  <system-out/>
  <testcase classname="EjemploVehiculoTest" name="Test01" time="0.873"/>
  <system-out/>
  <testcase classname="EjemploVehiculoTest" name="StressTest01" time="1.016"/>
  <system-out/>
  <testcase classname="EjemploVehiculoTest" name="StressTest02" time="1.063"/>
  <system-out/>
  <testcase classname="EjemploVehiculoTest" name="StressTest01" time="1.112"/>
  <system-out/>
</testsuite> <!-- EjemploVehiculoTest -->
