<?xml version="1.0" encoding="UTF-8" ?>
<testsuite tests="21" failures="0" name="EjemploVehiculoTest" time="23.352" errors="0" skipped="0">
  <properties>
    <property name="java.runtime.name" value="Java(TM) SE Runtime Environment"/>
    <property name="java.vm.version" value="14.0.2+12-46"/>
    <property name="sun.boot.library.path" value="C:\Program Files\Java\jdk-14.0.2\bin"/>
    <property name="maven.multiModuleProjectDirectory" value="C:\Users\miana\OneDrive\Documentos\GitHub\lab03-translator-miguel23022001\Laboratorio2"/>
    <property name="java.vm.vendor" value="Oracle Corporation"/>
    <property name="java.vendor.url" value="https://java.oracle.com/"/>
    <property name="guice.disable.misplaced.annotation.check" value="true"/>
    <property name="path.separator" value=";"/>
    <property name="java.vm.name" value="Java HotSpot(TM) 64-Bit Server VM"/>
    <property name="sun.os.patch.level" value=""/>
    <property name="user.script" value=""/>
    <property name="user.country" value="ES"/>
    <property name="sun.java.launcher" value="SUN_STANDARD"/>
    <property name="java.vm.specification.name" value="Java Virtual Machine Specification"/>
    <property name="user.dir" value="C:\Users\miana\OneDrive\Documentos\GitHub\lab03-translator-miguel23022001\Laboratorio2"/>
    <property name="java.vm.compressedOopsMode" value="32-bit"/>
    <property name="java.runtime.version" value="14.0.2+12-46"/>
    <property name="os.arch" value="amd64"/>
    <property name="java.io.tmpdir" value="C:\Users\miana\AppData\Local\Temp\"/>
    <property name="line.separator" value="
"/>
    <property name="java.vm.specification.vendor" value="Oracle Corporation"/>
    <property name="user.variant" value=""/>
    <property name="os.name" value="Windows 10"/>
    <property name="classworlds.conf" value="C:\apache-maven-3.8.2\bin\m2.conf"/>
    <property name="sun.jnu.encoding" value="Cp1252"/>
    <property name="java.library.path" value="C:\Program Files\Java\jdk-14.0.2\bin;C:\Windows\Sun\Java\bin;C:\Windows\system32;C:\Windows;C:\Users\miana\AppData\Local\Programs\Python\Python39\Scripts\;C:\Users\miana\AppData\Local\Programs\Python\Python39\;C:\Program Files (x86)\Intel\iCLS Client\;C:\Program Files\Intel\iCLS Client\;C:\Windows\system32;C:\Windows;C:\Windows\System32\Wbem;C:\Windows\System32\WindowsPowerShell\v1.0\;C:\Windows\System32\OpenSSH\;C:\Program Files (x86)\Intel\Intel(R) Management Engine Components\DAL;C:\Program Files\Intel\Intel(R) Management Engine Components\DAL;C:\Program Files (x86)\Intel\Intel(R) Management Engine Components\IPT;C:\Program Files\Intel\Intel(R) Management Engine Components\IPT;C:\Program Files (x86)\NVIDIA Corporation\PhysX\Common;C:\Program Files\NVIDIA Corporation\NVIDIA NvDLISR;C:\Program Files\Intel\WiFi\bin\;C:\Program Files\Common Files\Intel\WirelessCommon\;C:\Program Files\Git\cmd;C:\Program Files\PostgreSQL\13\bin;C:\Program Files\nodejs\;C:\ProgramData\chocolatey\bin;C:\Program Files (x86)\Java\jdk1.8.0_301\bin;C:\apache-maven-3.8.2\bin;C:\apache-maven-3.8.2\bin;C:\Program Files\Java\jdk-14.0.2\bin;17bc86dd24bd46adc7c892d7e24542249938c4c3;C:\Users\miana\AppData\Local\Microsoft\WindowsApps;C:\Program Files\Intel\WiFi\bin\;C:\Program Files\Common Files\Intel\WirelessCommon\;C:\iverilog\bin;C:\iverilog\gtkwave\bin;C:\Users\miana\AppData\Roaming\TinyTeX\bin\win32;C:\Program Files\JetBrains\PyCharm 2021.1.1\bin;;C:\Users\miana\AppData\Local\Programs\Microsoft VS Code\bin;C:\mingw32\bin;C:\Users\miana\AppData\Local\GitHubDesktop\bin;C:\Users\miana\AppData\Roaming\npm;17bc86dd24bd46adc7c892d7e24542249938c4c3;;."/>
    <property name="maven.conf" value="C:\apache-maven-3.8.2/conf"/>
    <property name="jdk.debug" value="release"/>
    <property name="java.class.version" value="58.0"/>
    <property name="java.specification.name" value="Java Platform API Specification"/>
    <property name="sun.management.compiler" value="HotSpot 64-Bit Tiered Compilers"/>
    <property name="os.version" value="10.0"/>
    <property name="user.home" value="C:\Users\miana"/>
    <property name="user.timezone" value="America/Lima"/>
    <property name="file.encoding" value="Cp1252"/>
    <property name="java.specification.version" value="14"/>
    <property name="sonar.projectKey" value="UG-Software-Engineering-I-2021-2_lab03-translator-miguel23022001"/>
    <property name="user.name" value="miana"/>
    <property name="java.class.path" value="C:\apache-maven-3.8.2\boot\plexus-classworlds-2.6.0.jar"/>
    <property name="java.vm.specification.version" value="14"/>
    <property name="sun.arch.data.model" value="64"/>
    <property name="sun.java.command" value="org.codehaus.plexus.classworlds.launcher.Launcher verify org.sonarsource.scanner.maven:sonar-maven-plugin:sonar -Dsonar.projectKey=UG-Software-Engineering-I-2021-2_lab03-translator-miguel23022001"/>
    <property name="java.home" value="C:\Program Files\Java\jdk-14.0.2"/>
    <property name="user.language" value="es"/>
    <property name="java.specification.vendor" value="Oracle Corporation"/>
    <property name="java.vm.info" value="mixed mode, sharing"/>
    <property name="java.version" value="14.0.2"/>
    <property name="java.vendor" value="Oracle Corporation"/>
    <property name="sun.stderr.encoding" value="cp850"/>
    <property name="maven.home" value="C:\apache-maven-3.8.2"/>
    <property name="file.separator" value="\"/>
    <property name="java.version.date" value="2020-07-14"/>
    <property name="java.vendor.url.bug" value="https://bugreport.java.com/bugreport/"/>
    <property name="sun.io.unicode.encoding" value="UnicodeLittle"/>
    <property name="sun.cpu.endian" value="little"/>
    <property name="sun.stdout.encoding" value="cp850"/>
    <property name="sun.cpu.isalist" value="amd64"/>
  </properties>
  <testcase classname="EjemploVehiculoTest" name="StressTest01" time="0.993"/>
  <testcase classname="EjemploVehiculoTest" name="StressTest01" time="1.014"/>
  <testcase classname="EjemploVehiculoTest" name="StressTest01" time="1.014"/>
  <testcase classname="EjemploVehiculoTest" name="StressTest01" time="1.061"/>
  <testcase classname="EjemploVehiculoTest" name="StressTest01" time="1.105"/>
  <testcase classname="EjemploVehiculoTest" name="StressTest01" time="1.108"/>
  <testcase classname="EjemploVehiculoTest" name="StressTest01" time="1.183"/>
  <testcase classname="EjemploVehiculoTest" name="StressTest01" time="1.224"/>
  <testcase classname="EjemploVehiculoTest" name="StressTest01" time="1.233"/>
  <testcase classname="EjemploVehiculoTest" name="StressTest01" time="1.242"/>
  <testcase classname="EjemploVehiculoTest" name="StressTest02" time="0.988"/>
  <testcase classname="EjemploVehiculoTest" name="StressTest02" time="0.999"/>
  <testcase classname="EjemploVehiculoTest" name="StressTest02" time="1.061"/>
  <testcase classname="EjemploVehiculoTest" name="StressTest02" time="1.107"/>
  <testcase classname="EjemploVehiculoTest" name="StressTest02" time="1.153"/>
  <testcase classname="EjemploVehiculoTest" name="StressTest02" time="1.161"/>
  <testcase classname="EjemploVehiculoTest" name="StressTest02" time="1.183"/>
  <testcase classname="EjemploVehiculoTest" name="StressTest02" time="1.185"/>
  <testcase classname="EjemploVehiculoTest" name="StressTest02" time="1.216"/>
  <testcase classname="EjemploVehiculoTest" name="StressTest02" time="1.249"/>
  <testcase classname="EjemploVehiculoTest" name="Test01" time="0.873"/>
</testsuite>